<?xml version="1.0" encoding="UTF-8"?>
<testsuite xmlns:xsi="http://www.w3.org/2001/XMLSchema-instance" xsi:noNamespaceSchemaLocation="https://maven.apache.org/surefire/maven-surefire-plugin/xsd/surefire-test-report.xsd" version="3.0.2" name="com.yupi.aiagent.YuAiAgentApplicationTests" time="0.011" tests="1" errors="1" skipped="0" failures="0">
  <properties>
    <property name="java.specification.version" value="21"/>
    <property name="sun.cpu.isalist" value="amd64"/>
    <property name="sun.jnu.encoding" value="GBK"/>
    <property name="java.class.path" value="D:\data\datajava\yu-ai-agent\target\test-classes;D:\data\datajava\yu-ai-agent\target\classes;D:\soft\ss\Maven\repository\org\springframework\boot\spring-boot-starter-web\3.4.4\spring-boot-starter-web-3.4.4.jar;D:\soft\ss\Maven\repository\org\springframework\boot\spring-boot-starter\3.4.4\spring-boot-starter-3.4.4.jar;D:\soft\ss\Maven\repository\org\springframework\boot\spring-boot\3.4.4\spring-boot-3.4.4.jar;D:\soft\ss\Maven\repository\org\springframework\boot\spring-boot-autoconfigure\3.4.4\spring-boot-autoconfigure-3.4.4.jar;D:\soft\ss\Maven\repository\org\springframework\boot\spring-boot-starter-logging\3.4.4\spring-boot-starter-logging-3.4.4.jar;D:\soft\ss\Maven\repository\ch\qos\logback\logback-classic\1.5.18\logback-classic-1.5.18.jar;D:\soft\ss\Maven\repository\ch\qos\logback\logback-core\1.5.18\logback-core-1.5.18.jar;D:\soft\ss\Maven\repository\org\apache\logging\log4j\log4j-to-slf4j\2.24.3\log4j-to-slf4j-2.24.3.jar;D:\soft\ss\Maven\repository\org\apache\logging\log4j\log4j-api\2.24.3\log4j-api-2.24.3.jar;D:\soft\ss\Maven\repository\org\slf4j\jul-to-slf4j\2.0.17\jul-to-slf4j-2.0.17.jar;D:\soft\ss\Maven\repository\jakarta\annotation\jakarta.annotation-api\2.1.1\jakarta.annotation-api-2.1.1.jar;D:\soft\ss\Maven\repository\org\yaml\snakeyaml\2.3\snakeyaml-2.3.jar;D:\soft\ss\Maven\repository\org\springframework\boot\spring-boot-starter-json\3.4.4\spring-boot-starter-json-3.4.4.jar;D:\soft\ss\Maven\repository\com\fasterxml\jackson\datatype\jackson-datatype-jdk8\2.18.3\jackson-datatype-jdk8-2.18.3.jar;D:\soft\ss\Maven\repository\com\fasterxml\jackson\datatype\jackson-datatype-jsr310\2.18.3\jackson-datatype-jsr310-2.18.3.jar;D:\soft\ss\Maven\repository\com\fasterxml\jackson\module\jackson-module-parameter-names\2.18.3\jackson-module-parameter-names-2.18.3.jar;D:\soft\ss\Maven\repository\org\springframework\boot\spring-boot-starter-tomcat\3.4.4\spring-boot-starter-tomcat-3.4.4.jar;D:\soft\ss\Maven\repository\org\apache\tomcat\embed\tomcat-embed-core\10.1.39\tomcat-embed-core-10.1.39.jar;D:\soft\ss\Maven\repository\org\apache\tomcat\embed\tomcat-embed-el\10.1.39\tomcat-embed-el-10.1.39.jar;D:\soft\ss\Maven\repository\org\apache\tomcat\embed\tomcat-embed-websocket\10.1.39\tomcat-embed-websocket-10.1.39.jar;D:\soft\ss\Maven\repository\org\springframework\spring-web\6.2.5\spring-web-6.2.5.jar;D:\soft\ss\Maven\repository\org\springframework\spring-beans\6.2.5\spring-beans-6.2.5.jar;D:\soft\ss\Maven\repository\io\micrometer\micrometer-observation\1.14.5\micrometer-observation-1.14.5.jar;D:\soft\ss\Maven\repository\io\micrometer\micrometer-commons\1.14.5\micrometer-commons-1.14.5.jar;D:\soft\ss\Maven\repository\org\springframework\spring-webmvc\6.2.5\spring-webmvc-6.2.5.jar;D:\soft\ss\Maven\repository\org\springframework\spring-aop\6.2.5\spring-aop-6.2.5.jar;D:\soft\ss\Maven\repository\org\springframework\spring-context\6.2.5\spring-context-6.2.5.jar;D:\soft\ss\Maven\repository\org\springframework\spring-expression\6.2.5\spring-expression-6.2.5.jar;D:\soft\ss\Maven\repository\com\alibaba\dashscope-sdk-java\2.19.1\dashscope-sdk-java-2.19.1.jar;D:\soft\ss\Maven\repository\io\reactivex\rxjava2\rxjava\2.2.21\rxjava-2.2.21.jar;D:\soft\ss\Maven\repository\org\reactivestreams\reactive-streams\1.0.4\reactive-streams-1.0.4.jar;D:\soft\ss\Maven\repository\com\google\code\gson\gson\2.11.0\gson-2.11.0.jar;D:\soft\ss\Maven\repository\com\google\errorprone\error_prone_annotations\2.27.0\error_prone_annotations-2.27.0.jar;D:\soft\ss\Maven\repository\org\slf4j\slf4j-api\2.0.17\slf4j-api-2.0.17.jar;D:\soft\ss\Maven\repository\org\slf4j\slf4j-simple\2.0.17\slf4j-simple-2.0.17.jar;D:\soft\ss\Maven\repository\org\jetbrains\kotlin\kotlin-stdlib-jdk8\1.9.25\kotlin-stdlib-jdk8-1.9.25.jar;D:\soft\ss\Maven\repository\org\jetbrains\kotlin\kotlin-stdlib\1.9.25\kotlin-stdlib-1.9.25.jar;D:\soft\ss\Maven\repository\org\jetbrains\annotations\13.0\annotations-13.0.jar;D:\soft\ss\Maven\repository\org\jetbrains\kotlin\kotlin-stdlib-jdk7\1.9.25\kotlin-stdlib-jdk7-1.9.25.jar;D:\soft\ss\Maven\repository\com\squareup\okio\okio\3.6.0\okio-3.6.0.jar;D:\soft\ss\Maven\repository\com\squareup\okio\okio-jvm\3.6.0\okio-jvm-3.6.0.jar;D:\soft\ss\Maven\repository\org\jetbrains\kotlin\kotlin-stdlib-common\1.9.25\kotlin-stdlib-common-1.9.25.jar;D:\soft\ss\Maven\repository\com\squareup\okhttp3\logging-interceptor\4.12.0\logging-interceptor-4.12.0.jar;D:\soft\ss\Maven\repository\com\squareup\okhttp3\okhttp-sse\4.12.0\okhttp-sse-4.12.0.jar;D:\soft\ss\Maven\repository\com\squareup\okhttp3\okhttp\4.12.0\okhttp-4.12.0.jar;D:\soft\ss\Maven\repository\com\alibaba\cloud\ai\spring-ai-alibaba-starter\1.0.0-M6.1\spring-ai-alibaba-starter-1.0.0-M6.1.jar;D:\soft\ss\Maven\repository\com\alibaba\cloud\ai\spring-ai-alibaba-autoconfigure\1.0.0-M6.1\spring-ai-alibaba-autoconfigure-1.0.0-M6.1.jar;D:\soft\ss\Maven\repository\com\alibaba\cloud\ai\spring-ai-alibaba-core\1.0.0-M6.1\spring-ai-alibaba-core-1.0.0-M6.1.jar;D:\soft\ss\Maven\repository\org\springframework\ai\spring-ai-retry\1.0.0-M6\spring-ai-retry-1.0.0-M6.jar;D:\soft\ss\Maven\repository\org\springframework\retry\spring-retry\2.0.11\spring-retry-2.0.11.jar;D:\soft\ss\Maven\repository\org\springframework\spring-webflux\6.2.5\spring-webflux-6.2.5.jar;D:\soft\ss\Maven\repository\commons-codec\commons-codec\1.17.2\commons-codec-1.17.2.jar;D:\soft\ss\Maven\repository\com\alibaba\nacos\nacos-client-mse-extension\1.0.4\nacos-client-mse-extension-1.0.4.jar;D:\soft\ss\Maven\repository\com\aliyun\aliyun-java-sdk-core\4.5.17\aliyun-java-sdk-core-4.5.17.jar;D:\soft\ss\Maven\repository\org\apache\httpcomponents\httpclient\4.5.13\httpclient-4.5.13.jar;D:\soft\ss\Maven\repository\org\apache\httpcomponents\httpcore\4.4.16\httpcore-4.4.16.jar;D:\soft\ss\Maven\repository\commons-logging\commons-logging\1.2\commons-logging-1.2.jar;D:\soft\ss\Maven\repository\javax\xml\bind\jaxb-api\2.3.1\jaxb-api-2.3.1.jar;D:\soft\ss\Maven\repository\javax\activation\javax.activation-api\1.2.0\javax.activation-api-1.2.0.jar;D:\soft\ss\Maven\repository\org\jacoco\org.jacoco.agent\0.8.6\org.jacoco.agent-0.8.6-runtime.jar;D:\soft\ss\Maven\repository\org\ini4j\ini4j\0.5.4\ini4j-0.5.4.jar;D:\soft\ss\Maven\repository\io\opentracing\opentracing-api\0.33.0\opentracing-api-0.33.0.jar;D:\soft\ss\Maven\repository\io\opentracing\opentracing-util\0.33.0\opentracing-util-0.33.0.jar;D:\soft\ss\Maven\repository\io\opentracing\opentracing-noop\0.33.0\opentracing-noop-0.33.0.jar;D:\soft\ss\Maven\repository\com\aliyun\aliyun-java-sdk-kms\2.16.3\aliyun-java-sdk-kms-2.16.3.jar;D:\soft\ss\Maven\repository\com\aliyun\kms\kms-transfer-client\0.1.0\kms-transfer-client-0.1.0.jar;D:\soft\ss\Maven\repository\com\aliyun\alibabacloud-dkms-gcs-sdk\0.2.8\alibabacloud-dkms-gcs-sdk-0.2.8.jar;D:\soft\ss\Maven\repository\com\aliyun\tea-util\0.2.7\tea-util-0.2.7.jar;D:\soft\ss\Maven\repository\com\aliyun\tea\1.2.3\tea-1.2.3.jar;D:\soft\ss\Maven\repository\com\aliyun\alibabacloud-dkms-gcs-openapi-util\0.2.8\alibabacloud-dkms-gcs-openapi-util-0.2.8.jar;D:\soft\ss\Maven\repository\com\aliyun\alibabacloud-dkms-gcs-openapi-credential\0.2.8\alibabacloud-dkms-gcs-openapi-credential-0.2.8.jar;D:\soft\ss\Maven\repository\com\aliyun\alibabacloud-dkms-gcs-openapi\0.2.8\alibabacloud-dkms-gcs-openapi-0.2.8.jar;D:\soft\ss\Maven\repository\com\google\protobuf\protobuf-java\4.0.0-rc-2\protobuf-java-4.0.0-rc-2.jar;D:\soft\ss\Maven\repository\com\google\protobuf\protobuf-java-util\4.0.0-rc-2\protobuf-java-util-4.0.0-rc-2.jar;D:\soft\ss\Maven\repository\com\google\guava\guava\29.0-android\guava-29.0-android.jar;D:\soft\ss\Maven\repository\com\google\guava\failureaccess\1.0.1\failureaccess-1.0.1.jar;D:\soft\ss\Maven\repository\com\google\guava\listenablefuture\9999.0-empty-to-avoid-conflict-with-guava\listenablefuture-9999.0-empty-to-avoid-conflict-with-guava.jar;D:\soft\ss\Maven\repository\com\google\code\findbugs\jsr305\3.0.2\jsr305-3.0.2.jar;D:\soft\ss\Maven\repository\org\checkerframework\checker-compat-qual\2.5.5\checker-compat-qual-2.5.5.jar;D:\soft\ss\Maven\repository\com\google\j2objc\j2objc-annotations\1.3\j2objc-annotations-1.3.jar;D:\soft\ss\Maven\repository\org\bouncycastle\bcprov-jdk15on\1.70\bcprov-jdk15on-1.70.jar;D:\soft\ss\Maven\repository\com\alibaba\cloud\spring-alibaba-nacos-config\2023.0.1.3\spring-alibaba-nacos-config-2023.0.1.3.jar;D:\soft\ss\Maven\repository\com\alibaba\nacos\nacos-client\2.4.2\nacos-client-2.4.2.jar;D:\soft\ss\Maven\repository\com\alibaba\nacos\nacos-auth-plugin\2.4.2\nacos-auth-plugin-2.4.2.jar;D:\soft\ss\Maven\repository\com\alibaba\nacos\nacos-encryption-plugin\2.4.2\nacos-encryption-plugin-2.4.2.jar;D:\soft\ss\Maven\repository\com\alibaba\nacos\nacos-logback-adapter-12\2.4.2\nacos-logback-adapter-12-2.4.2.jar;D:\soft\ss\Maven\repository\com\alibaba\nacos\logback-adapter\1.1.3\logback-adapter-1.1.3.jar;D:\soft\ss\Maven\repository\com\alibaba\nacos\nacos-log4j2-adapter\2.4.2\nacos-log4j2-adapter-2.4.2.jar;D:\soft\ss\Maven\repository\org\apache\httpcomponents\httpasyncclient\4.1.5\httpasyncclient-4.1.5.jar;D:\soft\ss\Maven\repository\org\apache\httpcomponents\httpcore-nio\4.4.16\httpcore-nio-4.4.16.jar;D:\soft\ss\Maven\repository\io\prometheus\simpleclient\0.16.0\simpleclient-0.16.0.jar;D:\soft\ss\Maven\repository\io\prometheus\simpleclient_tracer_otel\0.16.0\simpleclient_tracer_otel-0.16.0.jar;D:\soft\ss\Maven\repository\io\prometheus\simpleclient_tracer_common\0.16.0\simpleclient_tracer_common-0.16.0.jar;D:\soft\ss\Maven\repository\io\prometheus\simpleclient_tracer_otel_agent\0.16.0\simpleclient_tracer_otel_agent-0.16.0.jar;D:\soft\ss\Maven\repository\org\apache\opennlp\opennlp-tools\2.3.3\opennlp-tools-2.3.3.jar;D:\soft\ss\Maven\repository\org\springframework\ai\spring-ai-ollama-spring-boot-starter\1.0.0-M6\spring-ai-ollama-spring-boot-starter-1.0.0-M6.jar;D:\soft\ss\Maven\repository\org\springframework\ai\spring-ai-spring-boot-autoconfigure\1.0.0-M6\spring-ai-spring-boot-autoconfigure-1.0.0-M6.jar;D:\soft\ss\Maven\repository\org\springframework\ai\spring-ai-ollama\1.0.0-M6\spring-ai-ollama-1.0.0-M6.jar;D:\soft\ss\Maven\repository\dev\langchain4j\langchain4j-community-dashscope\1.0.0-beta2\langchain4j-community-dashscope-1.0.0-beta2.jar;D:\soft\ss\Maven\repository\dev\langchain4j\langchain4j-core\1.0.0-beta2\langchain4j-core-1.0.0-beta2.jar;D:\soft\ss\Maven\repository\org\jspecify\jspecify\1.0.0\jspecify-1.0.0.jar;D:\soft\ss\Maven\repository\com\github\victools\jsonschema-generator\4.38.0\jsonschema-generator-4.38.0.jar;D:\soft\ss\Maven\repository\com\fasterxml\classmate\1.7.0\classmate-1.7.0.jar;D:\soft\ss\Maven\repository\com\fasterxml\jackson\core\jackson-core\2.18.3\jackson-core-2.18.3.jar;D:\soft\ss\Maven\repository\com\fasterxml\jackson\core\jackson-databind\2.18.3\jackson-databind-2.18.3.jar;D:\soft\ss\Maven\repository\com\fasterxml\jackson\core\jackson-annotations\2.18.3\jackson-annotations-2.18.3.jar;D:\soft\ss\Maven\repository\com\esotericsoftware\kryo\5.6.2\kryo-5.6.2.jar;D:\soft\ss\Maven\repository\com\esotericsoftware\reflectasm\1.11.9\reflectasm-1.11.9.jar;D:\soft\ss\Maven\repository\org\objenesis\objenesis\3.4\objenesis-3.4.jar;D:\soft\ss\Maven\repository\com\esotericsoftware\minlog\1.3.1\minlog-1.3.1.jar;D:\soft\ss\Maven\repository\org\springframework\ai\spring-ai-markdown-document-reader\1.0.0-M6\spring-ai-markdown-document-reader-1.0.0-M6.jar;D:\soft\ss\Maven\repository\org\springframework\ai\spring-ai-core\1.0.0-M6\spring-ai-core-1.0.0-M6.jar;D:\soft\ss\Maven\repository\com\fasterxml\jackson\module\jackson-module-jsonSchema\2.18.3\jackson-module-jsonSchema-2.18.3.jar;D:\soft\ss\Maven\repository\javax\validation\validation-api\1.1.0.Final\validation-api-1.1.0.Final.jar;D:\soft\ss\Maven\repository\io\swagger\core\v3\swagger-annotations\2.2.25\swagger-annotations-2.2.25.jar;D:\soft\ss\Maven\repository\com\github\victools\jsonschema-module-swagger-2\4.37.0\jsonschema-module-swagger-2-4.37.0.jar;D:\soft\ss\Maven\repository\org\antlr\ST4\4.3.4\ST4-4.3.4.jar;D:\soft\ss\Maven\repository\org\antlr\antlr-runtime\3.5.3\antlr-runtime-3.5.3.jar;D:\soft\ss\Maven\repository\org\antlr\antlr4-runtime\4.13.1\antlr4-runtime-4.13.1.jar;D:\soft\ss\Maven\repository\io\projectreactor\reactor-core\3.7.4\reactor-core-3.7.4.jar;D:\soft\ss\Maven\repository\org\springframework\spring-messaging\6.2.5\spring-messaging-6.2.5.jar;D:\soft\ss\Maven\repository\io\micrometer\micrometer-core\1.14.5\micrometer-core-1.14.5.jar;D:\soft\ss\Maven\repository\org\hdrhistogram\HdrHistogram\2.2.2\HdrHistogram-2.2.2.jar;D:\soft\ss\Maven\repository\org\latencyutils\LatencyUtils\2.0.3\LatencyUtils-2.0.3.jar;D:\soft\ss\Maven\repository\io\micrometer\context-propagation\1.1.2\context-propagation-1.1.2.jar;D:\soft\ss\Maven\repository\com\knuddels\jtokkit\1.1.0\jtokkit-1.1.0.jar;D:\soft\ss\Maven\repository\com\github\victools\jsonschema-module-jackson\4.37.0\jsonschema-module-jackson-4.37.0.jar;D:\soft\ss\Maven\repository\org\commonmark\commonmark\0.22.0\commonmark-0.22.0.jar;D:\soft\ss\Maven\repository\org\springframework\boot\spring-boot-starter-jdbc\3.4.4\spring-boot-starter-jdbc-3.4.4.jar;D:\soft\ss\Maven\repository\com\zaxxer\HikariCP\5.1.0\HikariCP-5.1.0.jar;D:\soft\ss\Maven\repository\org\springframework\spring-jdbc\6.2.5\spring-jdbc-6.2.5.jar;D:\soft\ss\Maven\repository\org\springframework\spring-tx\6.2.5\spring-tx-6.2.5.jar;D:\soft\ss\Maven\repository\org\postgresql\postgresql\42.7.5\postgresql-42.7.5.jar;D:\soft\ss\Maven\repository\org\checkerframework\checker-qual\3.48.3\checker-qual-3.48.3.jar;D:\soft\ss\Maven\repository\org\springframework\ai\spring-ai-pgvector-store\1.0.0-M6\spring-ai-pgvector-store-1.0.0-M6.jar;D:\soft\ss\Maven\repository\com\pgvector\pgvector\0.1.6\pgvector-0.1.6.jar;D:\soft\ss\Maven\repository\org\springframework\ai\spring-ai-mcp-client-spring-boot-starter\1.0.0-M6\spring-ai-mcp-client-spring-boot-starter-1.0.0-M6.jar;D:\soft\ss\Maven\repository\org\springframework\ai\spring-ai-mcp-client-spring-boot-autoconfigure\1.0.0-M6\spring-ai-mcp-client-spring-boot-autoconfigure-1.0.0-M6.jar;D:\soft\ss\Maven\repository\org\springframework\ai\spring-ai-mcp\1.0.0-M6\spring-ai-mcp-1.0.0-M6.jar;D:\soft\ss\Maven\repository\io\modelcontextprotocol\sdk\mcp\0.7.0\mcp-0.7.0.jar;D:\soft\ss\Maven\repository\org\jsoup\jsoup\1.19.1\jsoup-1.19.1.jar;D:\soft\ss\Maven\repository\com\itextpdf\barcodes\9.1.0\barcodes-9.1.0.jar;D:\soft\ss\Maven\repository\com\itextpdf\forms\9.1.0\forms-9.1.0.jar;D:\soft\ss\Maven\repository\com\itextpdf\hyph\9.1.0\hyph-9.1.0.jar;D:\soft\ss\Maven\repository\com\itextpdf\io\9.1.0\io-9.1.0.jar;D:\soft\ss\Maven\repository\com\itextpdf\commons\9.1.0\commons-9.1.0.jar;D:\soft\ss\Maven\repository\com\itextpdf\kernel\9.1.0\kernel-9.1.0.jar;D:\soft\ss\Maven\repository\com\itextpdf\layout\9.1.0\layout-9.1.0.jar;D:\soft\ss\Maven\repository\com\itextpdf\pdfa\9.1.0\pdfa-9.1.0.jar;D:\soft\ss\Maven\repository\com\itextpdf\sign\9.1.0\sign-9.1.0.jar;D:\soft\ss\Maven\repository\com\itextpdf\styled-xml-parser\9.1.0\styled-xml-parser-9.1.0.jar;D:\soft\ss\Maven\repository\com\itextpdf\svg\9.1.0\svg-9.1.0.jar;D:\soft\ss\Maven\repository\com\itextpdf\bouncy-castle-connector\9.1.0\bouncy-castle-connector-9.1.0.jar;D:\soft\ss\Maven\repository\com\itextpdf\pdfua\9.1.0\pdfua-9.1.0.jar;D:\soft\ss\Maven\repository\com\itextpdf\font-asian\9.1.0\font-asian-9.1.0.jar;D:\soft\ss\Maven\repository\cn\hutool\hutool-all\5.8.37\hutool-all-5.8.37.jar;D:\soft\ss\Maven\repository\com\github\xiaoymin\knife4j-openapi3-jakarta-spring-boot-starter\4.4.0\knife4j-openapi3-jakarta-spring-boot-starter-4.4.0.jar;D:\soft\ss\Maven\repository\com\github\xiaoymin\knife4j-core\4.4.0\knife4j-core-4.4.0.jar;D:\soft\ss\Maven\repository\com\github\xiaoymin\knife4j-openapi3-ui\4.4.0\knife4j-openapi3-ui-4.4.0.jar;D:\soft\ss\Maven\repository\org\springdoc\springdoc-openapi-starter-webmvc-ui\2.3.0\springdoc-openapi-starter-webmvc-ui-2.3.0.jar;D:\soft\ss\Maven\repository\org\springdoc\springdoc-openapi-starter-webmvc-api\2.3.0\springdoc-openapi-starter-webmvc-api-2.3.0.jar;D:\soft\ss\Maven\repository\org\springdoc\springdoc-openapi-starter-common\2.3.0\springdoc-openapi-starter-common-2.3.0.jar;D:\soft\ss\Maven\repository\io\swagger\core\v3\swagger-core-jakarta\2.2.19\swagger-core-jakarta-2.2.19.jar;D:\soft\ss\Maven\repository\org\apache\commons\commons-lang3\3.17.0\commons-lang3-3.17.0.jar;D:\soft\ss\Maven\repository\io\swagger\core\v3\swagger-annotations-jakarta\2.2.19\swagger-annotations-jakarta-2.2.19.jar;D:\soft\ss\Maven\repository\io\swagger\core\v3\swagger-models-jakarta\2.2.19\swagger-models-jakarta-2.2.19.jar;D:\soft\ss\Maven\repository\jakarta\validation\jakarta.validation-api\3.0.2\jakarta.validation-api-3.0.2.jar;D:\soft\ss\Maven\repository\com\fasterxml\jackson\dataformat\jackson-dataformat-yaml\2.18.3\jackson-dataformat-yaml-2.18.3.jar;D:\soft\ss\Maven\repository\org\webjars\swagger-ui\5.10.3\swagger-ui-5.10.3.jar;D:\soft\ss\Maven\repository\org\projectlombok\lombok\1.18.36\lombok-1.18.36.jar;D:\soft\ss\Maven\repository\org\springframework\boot\spring-boot-starter-test\3.4.4\spring-boot-starter-test-3.4.4.jar;D:\soft\ss\Maven\repository\org\springframework\boot\spring-boot-test\3.4.4\spring-boot-test-3.4.4.jar;D:\soft\ss\Maven\repository\org\springframework\boot\spring-boot-test-autoconfigure\3.4.4\spring-boot-test-autoconfigure-3.4.4.jar;D:\soft\ss\Maven\repository\com\jayway\jsonpath\json-path\2.9.0\json-path-2.9.0.jar;D:\soft\ss\Maven\repository\jakarta\xml\bind\jakarta.xml.bind-api\4.0.2\jakarta.xml.bind-api-4.0.2.jar;D:\soft\ss\Maven\repository\jakarta\activation\jakarta.activation-api\2.1.3\jakarta.activation-api-2.1.3.jar;D:\soft\ss\Maven\repository\net\minidev\json-smart\2.5.2\json-smart-2.5.2.jar;D:\soft\ss\Maven\repository\net\minidev\accessors-smart\2.5.2\accessors-smart-2.5.2.jar;D:\soft\ss\Maven\repository\org\ow2\asm\asm\9.7.1\asm-9.7.1.jar;D:\soft\ss\Maven\repository\org\assertj\assertj-core\3.26.3\assertj-core-3.26.3.jar;D:\soft\ss\Maven\repository\net\bytebuddy\byte-buddy\1.15.11\byte-buddy-1.15.11.jar;D:\soft\ss\Maven\repository\org\awaitility\awaitility\4.2.2\awaitility-4.2.2.jar;D:\soft\ss\Maven\repository\org\hamcrest\hamcrest\2.2\hamcrest-2.2.jar;D:\soft\ss\Maven\repository\org\junit\jupiter\junit-jupiter\5.11.4\junit-jupiter-5.11.4.jar;D:\soft\ss\Maven\repository\org\junit\jupiter\junit-jupiter-api\5.11.4\junit-jupiter-api-5.11.4.jar;D:\soft\ss\Maven\repository\org\opentest4j\opentest4j\1.3.0\opentest4j-1.3.0.jar;D:\soft\ss\Maven\repository\org\junit\platform\junit-platform-commons\1.11.4\junit-platform-commons-1.11.4.jar;D:\soft\ss\Maven\repository\org\apiguardian\apiguardian-api\1.1.2\apiguardian-api-1.1.2.jar;D:\soft\ss\Maven\repository\org\junit\jupiter\junit-jupiter-params\5.11.4\junit-jupiter-params-5.11.4.jar;D:\soft\ss\Maven\repository\org\junit\jupiter\junit-jupiter-engine\5.11.4\junit-jupiter-engine-5.11.4.jar;D:\soft\ss\Maven\repository\org\junit\platform\junit-platform-engine\1.11.4\junit-platform-engine-1.11.4.jar;D:\soft\ss\Maven\repository\org\mockito\mockito-core\5.14.2\mockito-core-5.14.2.jar;D:\soft\ss\Maven\repository\net\bytebuddy\byte-buddy-agent\1.15.11\byte-buddy-agent-1.15.11.jar;D:\soft\ss\Maven\repository\org\mockito\mockito-junit-jupiter\5.14.2\mockito-junit-jupiter-5.14.2.jar;D:\soft\ss\Maven\repository\org\skyscreamer\jsonassert\1.5.3\jsonassert-1.5.3.jar;D:\soft\ss\Maven\repository\com\vaadin\external\google\android-json\0.0.20131108.vaadin1\android-json-0.0.20131108.vaadin1.jar;D:\soft\ss\Maven\repository\org\springframework\spring-core\6.2.5\spring-core-6.2.5.jar;D:\soft\ss\Maven\repository\org\springframework\spring-jcl\6.2.5\spring-jcl-6.2.5.jar;D:\soft\ss\Maven\repository\org\springframework\spring-test\6.2.5\spring-test-6.2.5.jar;D:\soft\ss\Maven\repository\org\xmlunit\xmlunit-core\2.10.0\xmlunit-core-2.10.0.jar;D:\soft\ss\Maven\repository\com\h2database\h2\2.3.232\h2-2.3.232.jar;"/>
    <property name="java.vm.vendor" value="JetBrains s.r.o."/>
    <property name="sun.arch.data.model" value="64"/>
    <property name="user.variant" value=""/>
    <property name="java.vendor.url" value="https://openjdk.org/"/>
    <property name="user.timezone" value="Asia/Shanghai"/>
    <property name="os.name" value="Windows 11"/>
    <property name="java.vm.specification.version" value="21"/>
    <property name="APPLICATION_NAME" value="yu-ai-agent-test"/>
    <property name="sun.java.launcher" value="SUN_STANDARD"/>
    <property name="user.country" value="CN"/>
    <property name="sun.boot.library.path" value="D:\soft\ss\Java\java21\jdk\bin"/>
    <property name="sun.java.command" value="C:\Users\mingc\AppData\Local\Temp\surefire15851514323727092678\surefirebooter-20250920092924806_3.jar C:\Users\mingc\AppData\Local\Temp\surefire15851514323727092678 2025-09-20T09-29-24_626-jvmRun1 surefire-20250920092924806_1tmp surefire_0-20250920092924806_2tmp"/>
    <property name="jdk.debug" value="release"/>
    <property name="surefire.test.class.path" value="D:\data\datajava\yu-ai-agent\target\test-classes;D:\data\datajava\yu-ai-agent\target\classes;D:\soft\ss\Maven\repository\org\springframework\boot\spring-boot-starter-web\3.4.4\spring-boot-starter-web-3.4.4.jar;D:\soft\ss\Maven\repository\org\springframework\boot\spring-boot-starter\3.4.4\spring-boot-starter-3.4.4.jar;D:\soft\ss\Maven\repository\org\springframework\boot\spring-boot\3.4.4\spring-boot-3.4.4.jar;D:\soft\ss\Maven\repository\org\springframework\boot\spring-boot-autoconfigure\3.4.4\spring-boot-autoconfigure-3.4.4.jar;D:\soft\ss\Maven\repository\org\springframework\boot\spring-boot-starter-logging\3.4.4\spring-boot-starter-logging-3.4.4.jar;D:\soft\ss\Maven\repository\ch\qos\logback\logback-classic\1.5.18\logback-classic-1.5.18.jar;D:\soft\ss\Maven\repository\ch\qos\logback\logback-core\1.5.18\logback-core-1.5.18.jar;D:\soft\ss\Maven\repository\org\apache\logging\log4j\log4j-to-slf4j\2.24.3\log4j-to-slf4j-2.24.3.jar;D:\soft\ss\Maven\repository\org\apache\logging\log4j\log4j-api\2.24.3\log4j-api-2.24.3.jar;D:\soft\ss\Maven\repository\org\slf4j\jul-to-slf4j\2.0.17\jul-to-slf4j-2.0.17.jar;D:\soft\ss\Maven\repository\jakarta\annotation\jakarta.annotation-api\2.1.1\jakarta.annotation-api-2.1.1.jar;D:\soft\ss\Maven\repository\org\yaml\snakeyaml\2.3\snakeyaml-2.3.jar;D:\soft\ss\Maven\repository\org\springframework\boot\spring-boot-starter-json\3.4.4\spring-boot-starter-json-3.4.4.jar;D:\soft\ss\Maven\repository\com\fasterxml\jackson\datatype\jackson-datatype-jdk8\2.18.3\jackson-datatype-jdk8-2.18.3.jar;D:\soft\ss\Maven\repository\com\fasterxml\jackson\datatype\jackson-datatype-jsr310\2.18.3\jackson-datatype-jsr310-2.18.3.jar;D:\soft\ss\Maven\repository\com\fasterxml\jackson\module\jackson-module-parameter-names\2.18.3\jackson-module-parameter-names-2.18.3.jar;D:\soft\ss\Maven\repository\org\springframework\boot\spring-boot-starter-tomcat\3.4.4\spring-boot-starter-tomcat-3.4.4.jar;D:\soft\ss\Maven\repository\org\apache\tomcat\embed\tomcat-embed-core\10.1.39\tomcat-embed-core-10.1.39.jar;D:\soft\ss\Maven\repository\org\apache\tomcat\embed\tomcat-embed-el\10.1.39\tomcat-embed-el-10.1.39.jar;D:\soft\ss\Maven\repository\org\apache\tomcat\embed\tomcat-embed-websocket\10.1.39\tomcat-embed-websocket-10.1.39.jar;D:\soft\ss\Maven\repository\org\springframework\spring-web\6.2.5\spring-web-6.2.5.jar;D:\soft\ss\Maven\repository\org\springframework\spring-beans\6.2.5\spring-beans-6.2.5.jar;D:\soft\ss\Maven\repository\io\micrometer\micrometer-observation\1.14.5\micrometer-observation-1.14.5.jar;D:\soft\ss\Maven\repository\io\micrometer\micrometer-commons\1.14.5\micrometer-commons-1.14.5.jar;D:\soft\ss\Maven\repository\org\springframework\spring-webmvc\6.2.5\spring-webmvc-6.2.5.jar;D:\soft\ss\Maven\repository\org\springframework\spring-aop\6.2.5\spring-aop-6.2.5.jar;D:\soft\ss\Maven\repository\org\springframework\spring-context\6.2.5\spring-context-6.2.5.jar;D:\soft\ss\Maven\repository\org\springframework\spring-expression\6.2.5\spring-expression-6.2.5.jar;D:\soft\ss\Maven\repository\com\alibaba\dashscope-sdk-java\2.19.1\dashscope-sdk-java-2.19.1.jar;D:\soft\ss\Maven\repository\io\reactivex\rxjava2\rxjava\2.2.21\rxjava-2.2.21.jar;D:\soft\ss\Maven\repository\org\reactivestreams\reactive-streams\1.0.4\reactive-streams-1.0.4.jar;D:\soft\ss\Maven\repository\com\google\code\gson\gson\2.11.0\gson-2.11.0.jar;D:\soft\ss\Maven\repository\com\google\errorprone\error_prone_annotations\2.27.0\error_prone_annotations-2.27.0.jar;D:\soft\ss\Maven\repository\org\slf4j\slf4j-api\2.0.17\slf4j-api-2.0.17.jar;D:\soft\ss\Maven\repository\org\slf4j\slf4j-simple\2.0.17\slf4j-simple-2.0.17.jar;D:\soft\ss\Maven\repository\org\jetbrains\kotlin\kotlin-stdlib-jdk8\1.9.25\kotlin-stdlib-jdk8-1.9.25.jar;D:\soft\ss\Maven\repository\org\jetbrains\kotlin\kotlin-stdlib\1.9.25\kotlin-stdlib-1.9.25.jar;D:\soft\ss\Maven\repository\org\jetbrains\annotations\13.0\annotations-13.0.jar;D:\soft\ss\Maven\repository\org\jetbrains\kotlin\kotlin-stdlib-jdk7\1.9.25\kotlin-stdlib-jdk7-1.9.25.jar;D:\soft\ss\Maven\repository\com\squareup\okio\okio\3.6.0\okio-3.6.0.jar;D:\soft\ss\Maven\repository\com\squareup\okio\okio-jvm\3.6.0\okio-jvm-3.6.0.jar;D:\soft\ss\Maven\repository\org\jetbrains\kotlin\kotlin-stdlib-common\1.9.25\kotlin-stdlib-common-1.9.25.jar;D:\soft\ss\Maven\repository\com\squareup\okhttp3\logging-interceptor\4.12.0\logging-interceptor-4.12.0.jar;D:\soft\ss\Maven\repository\com\squareup\okhttp3\okhttp-sse\4.12.0\okhttp-sse-4.12.0.jar;D:\soft\ss\Maven\repository\com\squareup\okhttp3\okhttp\4.12.0\okhttp-4.12.0.jar;D:\soft\ss\Maven\repository\com\alibaba\cloud\ai\spring-ai-alibaba-starter\1.0.0-M6.1\spring-ai-alibaba-starter-1.0.0-M6.1.jar;D:\soft\ss\Maven\repository\com\alibaba\cloud\ai\spring-ai-alibaba-autoconfigure\1.0.0-M6.1\spring-ai-alibaba-autoconfigure-1.0.0-M6.1.jar;D:\soft\ss\Maven\repository\com\alibaba\cloud\ai\spring-ai-alibaba-core\1.0.0-M6.1\spring-ai-alibaba-core-1.0.0-M6.1.jar;D:\soft\ss\Maven\repository\org\springframework\ai\spring-ai-retry\1.0.0-M6\spring-ai-retry-1.0.0-M6.jar;D:\soft\ss\Maven\repository\org\springframework\retry\spring-retry\2.0.11\spring-retry-2.0.11.jar;D:\soft\ss\Maven\repository\org\springframework\spring-webflux\6.2.5\spring-webflux-6.2.5.jar;D:\soft\ss\Maven\repository\commons-codec\commons-codec\1.17.2\commons-codec-1.17.2.jar;D:\soft\ss\Maven\repository\com\alibaba\nacos\nacos-client-mse-extension\1.0.4\nacos-client-mse-extension-1.0.4.jar;D:\soft\ss\Maven\repository\com\aliyun\aliyun-java-sdk-core\4.5.17\aliyun-java-sdk-core-4.5.17.jar;D:\soft\ss\Maven\repository\org\apache\httpcomponents\httpclient\4.5.13\httpclient-4.5.13.jar;D:\soft\ss\Maven\repository\org\apache\httpcomponents\httpcore\4.4.16\httpcore-4.4.16.jar;D:\soft\ss\Maven\repository\commons-logging\commons-logging\1.2\commons-logging-1.2.jar;D:\soft\ss\Maven\repository\javax\xml\bind\jaxb-api\2.3.1\jaxb-api-2.3.1.jar;D:\soft\ss\Maven\repository\javax\activation\javax.activation-api\1.2.0\javax.activation-api-1.2.0.jar;D:\soft\ss\Maven\repository\org\jacoco\org.jacoco.agent\0.8.6\org.jacoco.agent-0.8.6-runtime.jar;D:\soft\ss\Maven\repository\org\ini4j\ini4j\0.5.4\ini4j-0.5.4.jar;D:\soft\ss\Maven\repository\io\opentracing\opentracing-api\0.33.0\opentracing-api-0.33.0.jar;D:\soft\ss\Maven\repository\io\opentracing\opentracing-util\0.33.0\opentracing-util-0.33.0.jar;D:\soft\ss\Maven\repository\io\opentracing\opentracing-noop\0.33.0\opentracing-noop-0.33.0.jar;D:\soft\ss\Maven\repository\com\aliyun\aliyun-java-sdk-kms\2.16.3\aliyun-java-sdk-kms-2.16.3.jar;D:\soft\ss\Maven\repository\com\aliyun\kms\kms-transfer-client\0.1.0\kms-transfer-client-0.1.0.jar;D:\soft\ss\Maven\repository\com\aliyun\alibabacloud-dkms-gcs-sdk\0.2.8\alibabacloud-dkms-gcs-sdk-0.2.8.jar;D:\soft\ss\Maven\repository\com\aliyun\tea-util\0.2.7\tea-util-0.2.7.jar;D:\soft\ss\Maven\repository\com\aliyun\tea\1.2.3\tea-1.2.3.jar;D:\soft\ss\Maven\repository\com\aliyun\alibabacloud-dkms-gcs-openapi-util\0.2.8\alibabacloud-dkms-gcs-openapi-util-0.2.8.jar;D:\soft\ss\Maven\repository\com\aliyun\alibabacloud-dkms-gcs-openapi-credential\0.2.8\alibabacloud-dkms-gcs-openapi-credential-0.2.8.jar;D:\soft\ss\Maven\repository\com\aliyun\alibabacloud-dkms-gcs-openapi\0.2.8\alibabacloud-dkms-gcs-openapi-0.2.8.jar;D:\soft\ss\Maven\repository\com\google\protobuf\protobuf-java\4.0.0-rc-2\protobuf-java-4.0.0-rc-2.jar;D:\soft\ss\Maven\repository\com\google\protobuf\protobuf-java-util\4.0.0-rc-2\protobuf-java-util-4.0.0-rc-2.jar;D:\soft\ss\Maven\repository\com\google\guava\guava\29.0-android\guava-29.0-android.jar;D:\soft\ss\Maven\repository\com\google\guava\failureaccess\1.0.1\failureaccess-1.0.1.jar;D:\soft\ss\Maven\repository\com\google\guava\listenablefuture\9999.0-empty-to-avoid-conflict-with-guava\listenablefuture-9999.0-empty-to-avoid-conflict-with-guava.jar;D:\soft\ss\Maven\repository\com\google\code\findbugs\jsr305\3.0.2\jsr305-3.0.2.jar;D:\soft\ss\Maven\repository\org\checkerframework\checker-compat-qual\2.5.5\checker-compat-qual-2.5.5.jar;D:\soft\ss\Maven\repository\com\google\j2objc\j2objc-annotations\1.3\j2objc-annotations-1.3.jar;D:\soft\ss\Maven\repository\org\bouncycastle\bcprov-jdk15on\1.70\bcprov-jdk15on-1.70.jar;D:\soft\ss\Maven\repository\com\alibaba\cloud\spring-alibaba-nacos-config\2023.0.1.3\spring-alibaba-nacos-config-2023.0.1.3.jar;D:\soft\ss\Maven\repository\com\alibaba\nacos\nacos-client\2.4.2\nacos-client-2.4.2.jar;D:\soft\ss\Maven\repository\com\alibaba\nacos\nacos-auth-plugin\2.4.2\nacos-auth-plugin-2.4.2.jar;D:\soft\ss\Maven\repository\com\alibaba\nacos\nacos-encryption-plugin\2.4.2\nacos-encryption-plugin-2.4.2.jar;D:\soft\ss\Maven\repository\com\alibaba\nacos\nacos-logback-adapter-12\2.4.2\nacos-logback-adapter-12-2.4.2.jar;D:\soft\ss\Maven\repository\com\alibaba\nacos\logback-adapter\1.1.3\logback-adapter-1.1.3.jar;D:\soft\ss\Maven\repository\com\alibaba\nacos\nacos-log4j2-adapter\2.4.2\nacos-log4j2-adapter-2.4.2.jar;D:\soft\ss\Maven\repository\org\apache\httpcomponents\httpasyncclient\4.1.5\httpasyncclient-4.1.5.jar;D:\soft\ss\Maven\repository\org\apache\httpcomponents\httpcore-nio\4.4.16\httpcore-nio-4.4.16.jar;D:\soft\ss\Maven\repository\io\prometheus\simpleclient\0.16.0\simpleclient-0.16.0.jar;D:\soft\ss\Maven\repository\io\prometheus\simpleclient_tracer_otel\0.16.0\simpleclient_tracer_otel-0.16.0.jar;D:\soft\ss\Maven\repository\io\prometheus\simpleclient_tracer_common\0.16.0\simpleclient_tracer_common-0.16.0.jar;D:\soft\ss\Maven\repository\io\prometheus\simpleclient_tracer_otel_agent\0.16.0\simpleclient_tracer_otel_agent-0.16.0.jar;D:\soft\ss\Maven\repository\org\apache\opennlp\opennlp-tools\2.3.3\opennlp-tools-2.3.3.jar;D:\soft\ss\Maven\repository\org\springframework\ai\spring-ai-ollama-spring-boot-starter\1.0.0-M6\spring-ai-ollama-spring-boot-starter-1.0.0-M6.jar;D:\soft\ss\Maven\repository\org\springframework\ai\spring-ai-spring-boot-autoconfigure\1.0.0-M6\spring-ai-spring-boot-autoconfigure-1.0.0-M6.jar;D:\soft\ss\Maven\repository\org\springframework\ai\spring-ai-ollama\1.0.0-M6\spring-ai-ollama-1.0.0-M6.jar;D:\soft\ss\Maven\repository\dev\langchain4j\langchain4j-community-dashscope\1.0.0-beta2\langchain4j-community-dashscope-1.0.0-beta2.jar;D:\soft\ss\Maven\repository\dev\langchain4j\langchain4j-core\1.0.0-beta2\langchain4j-core-1.0.0-beta2.jar;D:\soft\ss\Maven\repository\org\jspecify\jspecify\1.0.0\jspecify-1.0.0.jar;D:\soft\ss\Maven\repository\com\github\victools\jsonschema-generator\4.38.0\jsonschema-generator-4.38.0.jar;D:\soft\ss\Maven\repository\com\fasterxml\classmate\1.7.0\classmate-1.7.0.jar;D:\soft\ss\Maven\repository\com\fasterxml\jackson\core\jackson-core\2.18.3\jackson-core-2.18.3.jar;D:\soft\ss\Maven\repository\com\fasterxml\jackson\core\jackson-databind\2.18.3\jackson-databind-2.18.3.jar;D:\soft\ss\Maven\repository\com\fasterxml\jackson\core\jackson-annotations\2.18.3\jackson-annotations-2.18.3.jar;D:\soft\ss\Maven\repository\com\esotericsoftware\kryo\5.6.2\kryo-5.6.2.jar;D:\soft\ss\Maven\repository\com\esotericsoftware\reflectasm\1.11.9\reflectasm-1.11.9.jar;D:\soft\ss\Maven\repository\org\objenesis\objenesis\3.4\objenesis-3.4.jar;D:\soft\ss\Maven\repository\com\esotericsoftware\minlog\1.3.1\minlog-1.3.1.jar;D:\soft\ss\Maven\repository\org\springframework\ai\spring-ai-markdown-document-reader\1.0.0-M6\spring-ai-markdown-document-reader-1.0.0-M6.jar;D:\soft\ss\Maven\repository\org\springframework\ai\spring-ai-core\1.0.0-M6\spring-ai-core-1.0.0-M6.jar;D:\soft\ss\Maven\repository\com\fasterxml\jackson\module\jackson-module-jsonSchema\2.18.3\jackson-module-jsonSchema-2.18.3.jar;D:\soft\ss\Maven\repository\javax\validation\validation-api\1.1.0.Final\validation-api-1.1.0.Final.jar;D:\soft\ss\Maven\repository\io\swagger\core\v3\swagger-annotations\2.2.25\swagger-annotations-2.2.25.jar;D:\soft\ss\Maven\repository\com\github\victools\jsonschema-module-swagger-2\4.37.0\jsonschema-module-swagger-2-4.37.0.jar;D:\soft\ss\Maven\repository\org\antlr\ST4\4.3.4\ST4-4.3.4.jar;D:\soft\ss\Maven\repository\org\antlr\antlr-runtime\3.5.3\antlr-runtime-3.5.3.jar;D:\soft\ss\Maven\repository\org\antlr\antlr4-runtime\4.13.1\antlr4-runtime-4.13.1.jar;D:\soft\ss\Maven\repository\io\projectreactor\reactor-core\3.7.4\reactor-core-3.7.4.jar;D:\soft\ss\Maven\repository\org\springframework\spring-messaging\6.2.5\spring-messaging-6.2.5.jar;D:\soft\ss\Maven\repository\io\micrometer\micrometer-core\1.14.5\micrometer-core-1.14.5.jar;D:\soft\ss\Maven\repository\org\hdrhistogram\HdrHistogram\2.2.2\HdrHistogram-2.2.2.jar;D:\soft\ss\Maven\repository\org\latencyutils\LatencyUtils\2.0.3\LatencyUtils-2.0.3.jar;D:\soft\ss\Maven\repository\io\micrometer\context-propagation\1.1.2\context-propagation-1.1.2.jar;D:\soft\ss\Maven\repository\com\knuddels\jtokkit\1.1.0\jtokkit-1.1.0.jar;D:\soft\ss\Maven\repository\com\github\victools\jsonschema-module-jackson\4.37.0\jsonschema-module-jackson-4.37.0.jar;D:\soft\ss\Maven\repository\org\commonmark\commonmark\0.22.0\commonmark-0.22.0.jar;D:\soft\ss\Maven\repository\org\springframework\boot\spring-boot-starter-jdbc\3.4.4\spring-boot-starter-jdbc-3.4.4.jar;D:\soft\ss\Maven\repository\com\zaxxer\HikariCP\5.1.0\HikariCP-5.1.0.jar;D:\soft\ss\Maven\repository\org\springframework\spring-jdbc\6.2.5\spring-jdbc-6.2.5.jar;D:\soft\ss\Maven\repository\org\springframework\spring-tx\6.2.5\spring-tx-6.2.5.jar;D:\soft\ss\Maven\repository\org\postgresql\postgresql\42.7.5\postgresql-42.7.5.jar;D:\soft\ss\Maven\repository\org\checkerframework\checker-qual\3.48.3\checker-qual-3.48.3.jar;D:\soft\ss\Maven\repository\org\springframework\ai\spring-ai-pgvector-store\1.0.0-M6\spring-ai-pgvector-store-1.0.0-M6.jar;D:\soft\ss\Maven\repository\com\pgvector\pgvector\0.1.6\pgvector-0.1.6.jar;D:\soft\ss\Maven\repository\org\springframework\ai\spring-ai-mcp-client-spring-boot-starter\1.0.0-M6\spring-ai-mcp-client-spring-boot-starter-1.0.0-M6.jar;D:\soft\ss\Maven\repository\org\springframework\ai\spring-ai-mcp-client-spring-boot-autoconfigure\1.0.0-M6\spring-ai-mcp-client-spring-boot-autoconfigure-1.0.0-M6.jar;D:\soft\ss\Maven\repository\org\springframework\ai\spring-ai-mcp\1.0.0-M6\spring-ai-mcp-1.0.0-M6.jar;D:\soft\ss\Maven\repository\io\modelcontextprotocol\sdk\mcp\0.7.0\mcp-0.7.0.jar;D:\soft\ss\Maven\repository\org\jsoup\jsoup\1.19.1\jsoup-1.19.1.jar;D:\soft\ss\Maven\repository\com\itextpdf\barcodes\9.1.0\barcodes-9.1.0.jar;D:\soft\ss\Maven\repository\com\itextpdf\forms\9.1.0\forms-9.1.0.jar;D:\soft\ss\Maven\repository\com\itextpdf\hyph\9.1.0\hyph-9.1.0.jar;D:\soft\ss\Maven\repository\com\itextpdf\io\9.1.0\io-9.1.0.jar;D:\soft\ss\Maven\repository\com\itextpdf\commons\9.1.0\commons-9.1.0.jar;D:\soft\ss\Maven\repository\com\itextpdf\kernel\9.1.0\kernel-9.1.0.jar;D:\soft\ss\Maven\repository\com\itextpdf\layout\9.1.0\layout-9.1.0.jar;D:\soft\ss\Maven\repository\com\itextpdf\pdfa\9.1.0\pdfa-9.1.0.jar;D:\soft\ss\Maven\repository\com\itextpdf\sign\9.1.0\sign-9.1.0.jar;D:\soft\ss\Maven\repository\com\itextpdf\styled-xml-parser\9.1.0\styled-xml-parser-9.1.0.jar;D:\soft\ss\Maven\repository\com\itextpdf\svg\9.1.0\svg-9.1.0.jar;D:\soft\ss\Maven\repository\com\itextpdf\bouncy-castle-connector\9.1.0\bouncy-castle-connector-9.1.0.jar;D:\soft\ss\Maven\repository\com\itextpdf\pdfua\9.1.0\pdfua-9.1.0.jar;D:\soft\ss\Maven\repository\com\itextpdf\font-asian\9.1.0\font-asian-9.1.0.jar;D:\soft\ss\Maven\repository\cn\hutool\hutool-all\5.8.37\hutool-all-5.8.37.jar;D:\soft\ss\Maven\repository\com\github\xiaoymin\knife4j-openapi3-jakarta-spring-boot-starter\4.4.0\knife4j-openapi3-jakarta-spring-boot-starter-4.4.0.jar;D:\soft\ss\Maven\repository\com\github\xiaoymin\knife4j-core\4.4.0\knife4j-core-4.4.0.jar;D:\soft\ss\Maven\repository\com\github\xiaoymin\knife4j-openapi3-ui\4.4.0\knife4j-openapi3-ui-4.4.0.jar;D:\soft\ss\Maven\repository\org\springdoc\springdoc-openapi-starter-webmvc-ui\2.3.0\springdoc-openapi-starter-webmvc-ui-2.3.0.jar;D:\soft\ss\Maven\repository\org\springdoc\springdoc-openapi-starter-webmvc-api\2.3.0\springdoc-openapi-starter-webmvc-api-2.3.0.jar;D:\soft\ss\Maven\repository\org\springdoc\springdoc-openapi-starter-common\2.3.0\springdoc-openapi-starter-common-2.3.0.jar;D:\soft\ss\Maven\repository\io\swagger\core\v3\swagger-core-jakarta\2.2.19\swagger-core-jakarta-2.2.19.jar;D:\soft\ss\Maven\repository\org\apache\commons\commons-lang3\3.17.0\commons-lang3-3.17.0.jar;D:\soft\ss\Maven\repository\io\swagger\core\v3\swagger-annotations-jakarta\2.2.19\swagger-annotations-jakarta-2.2.19.jar;D:\soft\ss\Maven\repository\io\swagger\core\v3\swagger-models-jakarta\2.2.19\swagger-models-jakarta-2.2.19.jar;D:\soft\ss\Maven\repository\jakarta\validation\jakarta.validation-api\3.0.2\jakarta.validation-api-3.0.2.jar;D:\soft\ss\Maven\repository\com\fasterxml\jackson\dataformat\jackson-dataformat-yaml\2.18.3\jackson-dataformat-yaml-2.18.3.jar;D:\soft\ss\Maven\repository\org\webjars\swagger-ui\5.10.3\swagger-ui-5.10.3.jar;D:\soft\ss\Maven\repository\org\projectlombok\lombok\1.18.36\lombok-1.18.36.jar;D:\soft\ss\Maven\repository\org\springframework\boot\spring-boot-starter-test\3.4.4\spring-boot-starter-test-3.4.4.jar;D:\soft\ss\Maven\repository\org\springframework\boot\spring-boot-test\3.4.4\spring-boot-test-3.4.4.jar;D:\soft\ss\Maven\repository\org\springframework\boot\spring-boot-test-autoconfigure\3.4.4\spring-boot-test-autoconfigure-3.4.4.jar;D:\soft\ss\Maven\repository\com\jayway\jsonpath\json-path\2.9.0\json-path-2.9.0.jar;D:\soft\ss\Maven\repository\jakarta\xml\bind\jakarta.xml.bind-api\4.0.2\jakarta.xml.bind-api-4.0.2.jar;D:\soft\ss\Maven\repository\jakarta\activation\jakarta.activation-api\2.1.3\jakarta.activation-api-2.1.3.jar;D:\soft\ss\Maven\repository\net\minidev\json-smart\2.5.2\json-smart-2.5.2.jar;D:\soft\ss\Maven\repository\net\minidev\accessors-smart\2.5.2\accessors-smart-2.5.2.jar;D:\soft\ss\Maven\repository\org\ow2\asm\asm\9.7.1\asm-9.7.1.jar;D:\soft\ss\Maven\repository\org\assertj\assertj-core\3.26.3\assertj-core-3.26.3.jar;D:\soft\ss\Maven\repository\net\bytebuddy\byte-buddy\1.15.11\byte-buddy-1.15.11.jar;D:\soft\ss\Maven\repository\org\awaitility\awaitility\4.2.2\awaitility-4.2.2.jar;D:\soft\ss\Maven\repository\org\hamcrest\hamcrest\2.2\hamcrest-2.2.jar;D:\soft\ss\Maven\repository\org\junit\jupiter\junit-jupiter\5.11.4\junit-jupiter-5.11.4.jar;D:\soft\ss\Maven\repository\org\junit\jupiter\junit-jupiter-api\5.11.4\junit-jupiter-api-5.11.4.jar;D:\soft\ss\Maven\repository\org\opentest4j\opentest4j\1.3.0\opentest4j-1.3.0.jar;D:\soft\ss\Maven\repository\org\junit\platform\junit-platform-commons\1.11.4\junit-platform-commons-1.11.4.jar;D:\soft\ss\Maven\repository\org\apiguardian\apiguardian-api\1.1.2\apiguardian-api-1.1.2.jar;D:\soft\ss\Maven\repository\org\junit\jupiter\junit-jupiter-params\5.11.4\junit-jupiter-params-5.11.4.jar;D:\soft\ss\Maven\repository\org\junit\jupiter\junit-jupiter-engine\5.11.4\junit-jupiter-engine-5.11.4.jar;D:\soft\ss\Maven\repository\org\junit\platform\junit-platform-engine\1.11.4\junit-platform-engine-1.11.4.jar;D:\soft\ss\Maven\repository\org\mockito\mockito-core\5.14.2\mockito-core-5.14.2.jar;D:\soft\ss\Maven\repository\net\bytebuddy\byte-buddy-agent\1.15.11\byte-buddy-agent-1.15.11.jar;D:\soft\ss\Maven\repository\org\mockito\mockito-junit-jupiter\5.14.2\mockito-junit-jupiter-5.14.2.jar;D:\soft\ss\Maven\repository\org\skyscreamer\jsonassert\1.5.3\jsonassert-1.5.3.jar;D:\soft\ss\Maven\repository\com\vaadin\external\google\android-json\0.0.20131108.vaadin1\android-json-0.0.20131108.vaadin1.jar;D:\soft\ss\Maven\repository\org\springframework\spring-core\6.2.5\spring-core-6.2.5.jar;D:\soft\ss\Maven\repository\org\springframework\spring-jcl\6.2.5\spring-jcl-6.2.5.jar;D:\soft\ss\Maven\repository\org\springframework\spring-test\6.2.5\spring-test-6.2.5.jar;D:\soft\ss\Maven\repository\org\xmlunit\xmlunit-core\2.10.0\xmlunit-core-2.10.0.jar;D:\soft\ss\Maven\repository\com\h2database\h2\2.3.232\h2-2.3.232.jar;"/>
    <property name="sun.cpu.endian" value="little"/>
    <property name="user.home" value="C:\Users\mingc"/>
    <property name="user.language" value="zh"/>
    <property name="java.specification.vendor" value="Oracle Corporation"/>
    <property name="java.version.date" value="2025-07-15"/>
    <property name="java.home" value="D:\soft\ss\Java\java21\jdk"/>
    <property name="file.separator" value="\"/>
    <property name="basedir" value="D:\data\datajava\yu-ai-agent"/>
    <property name="java.vm.compressedOopsMode" value="Zero based"/>
    <property name="line.separator" value="&#10;"/>
    <property name="java.vm.specification.vendor" value="Oracle Corporation"/>
    <property name="java.specification.name" value="Java Platform API Specification"/>
    <property name="intellij.os.virtualization" value="none"/>
    <property name="FILE_LOG_CHARSET" value="UTF-8"/>
    <property name="java.awt.headless" value="true"/>
    <property name="jbr.virtualization.information" value="Hyper-V role"/>
    <property name="surefire.real.class.path" value="C:\Users\mingc\AppData\Local\Temp\surefire15851514323727092678\surefirebooter-20250920092924806_3.jar"/>
    <property name="user.script" value=""/>
    <property name="sun.management.compiler" value="HotSpot 64-Bit Tiered Compilers"/>
    <property name="java.runtime.version" value="21.0.8+1-b1038.68"/>
    <property name="user.name" value="mingc"/>
    <property name="stdout.encoding" value="GBK"/>
    <property name="path.separator" value=";"/>
    <property name="os.version" value="10.0"/>
    <property name="java.runtime.name" value="OpenJDK Runtime Environment"/>
    <property name="file.encoding" value="UTF-8"/>
    <property name="sun.net.http.allowRestrictedHeaders" value="true"/>
    <property name="jdk.tls.allowUnsafeServerCertChange" value="true"/>
    <property name="java.vm.name" value="OpenJDK 64-Bit Server VM"/>
    <property name="java.vendor.version" value="JBR-21.0.8+1-1038.68-nomod"/>
    <property name="localRepository" value="D:\soft\ss\Maven\repository"/>
    <property name="java.vendor.url.bug" value="https://bugreport.java.com/bugreport/"/>
    <property name="java.io.tmpdir" value="C:\Users\mingc\AppData\Local\Temp\"/>
    <property name="idea.version" value="2024.1.3"/>
    <property name="java.version" value="21.0.8"/>
    <property name="user.dir" value="D:\data\datajava\yu-ai-agent"/>
    <property name="os.arch" value="amd64"/>
    <property name="java.vm.specification.name" value="Java Virtual Machine Specification"/>
    <property name="PID" value="27552"/>
    <property name="sun.os.patch.level" value=""/>
    <property name="CONSOLE_LOG_CHARSET" value="UTF-8"/>
    <property name="native.encoding" value="GBK"/>
    <property name="java.library.path" value="D:\soft\ss\Java\java21\jdk\bin;C:\WINDOWS\Sun\Java\bin;C:\WINDOWS\system32;C:\WINDOWS;C:\Program Files\Docker\Docker\resources\bin;D:\soft\ss\Git\cmd;D:\soft\ss\Java\java21\bin;D:\soft\ss\Maven\apache-maven-4.0.0\bin;D:\soft\ss\python\py312\Scripts\;D:\soft\ss\python\py312;C:\Program Files (x86)\NVIDIA Corporation\PhysX\Common;C:\WINDOWS\system32;C:\WINDOWS;C:\WINDOWS\System32\Wbem;C:\WINDOWS\System32\WindowsPowerShell\v1.0\;C:\WINDOWS\System32\OpenSSH\;D:\soft\ss\miniconda;D:\soft\ss\miniconda\Library\bin;D:\soft\ss\miniconda\Scripts;D:\soft\ss\miniconda\envs\py312\include;D:\soft\ss\miniconda\envs\py312\lib\site-packages;D:\soft\ss\miniconda\envs\py312\Scripts;C:\Program Files (x86)\Microsoft SQL Server\160\Tools\Binn\;C:\Program Files\Microsoft SQL Server\160\Tools\Binn\;C:\Program Files\Microsoft SQL Server\Client SDK\ODBC\170\Tools\Binn\;C:\Program Files\Microsoft SQL Server\160\DTS\Binn\;C:\Program Files (x86)\Windows Kits\8.1\Windows Performance Toolkit\;D:\soft\ss\微信开发小程序\微信web开发者工具\dll;D:\soft\ss\nv;jds\node_modules\yarn\bin;D:\soft\ss\Git\cmd;C:\ProgramData\chocolatey\bin;D:\soft\ss\;C:\Program Files\dotnet\;D:\soft\ss\python\py312\Scripts;D:\soft\ss\python\py312;C:\Program Files (x86)\NVIDIA Corporation\PhysX\Common;C:\WINDOWS\system32;C:\WINDOWS;C:\WINDOWS\System32\Wbem;C:\WINDOWS\System32\WindowsPowerShell\v1.0;C:\WINDOWS\System32\OpenSSH;D:\soft\ss\miniconda;D:\soft\ss\miniconda\Library\bin;D:\soft\ss\miniconda\Scripts;D:\soft\ss\miniconda\envs\py312\lib\site-packages;D:\soft\ss\miniconda\envs\py312\Scripts;D:\soft\ss\miniconda\envs\py312\include;D:\soft\ss\Git\cmd;C:\Program Files (x86)\Microsoft SQL Server\160\Tools\Binn;D:\soft\ss\nv;C:\Program Files\Microsoft SQL Server\160\Tools\Binn;C:\Program Files\Microsoft SQL Server\Client SDK\ODBC\170\Tools\Binn;C:\Program Files\Microsoft SQL Server\160\DTS\Binn;C:\Program Files (x86)\Windows Kits\8.1\Windows Performance Toolkit;D:\soft\ss\微信开发小程序\微信web开发者工具\dll;jds\node_modules\yarn\bin;C:\ProgramData\chocolatey\bin;C:\Users\mingc\AppData\Local\Programs\Ollama;D:\soft\ss\Visual Studio\Microsoft VS Code\bin;D:\soft\ss\CodeBuddy\bin;D:\soft\ss\pycharm\PyCharm 2024.1.3\bin;;."/>
    <property name="java.vm.info" value="mixed mode, sharing"/>
    <property name="stderr.encoding" value="GBK"/>
    <property name="java.vendor" value="JetBrains s.r.o."/>
    <property name="java.vm.version" value="21.0.8+1-b1038.68"/>
    <property name="sun.io.unicode.encoding" value="UnicodeLittle"/>
    <property name="maven.repo.local" value="D:\soft\ss\Maven\repository"/>
    <property name="java.class.version" value="65.0"/>
    <property name="LOGGED_APPLICATION_NAME" value="[yu-ai-agent-test] "/>
    <property name="sun.security.ssl.allowUnsafeRenegotiation" value="true"/>
  </properties>
  <testcase name="contextLoads" classname="com.yupi.aiagent.YuAiAgentApplicationTests" time="0.0">
    <error message="ApplicationContext failure threshold (1) exceeded: skipping repeated attempt to load context for [WebMergedContextConfiguration@70884875 testClass = com.yupi.aiagent.YuAiAgentApplicationTests, locations = [], classes = [com.yupi.aiagent.AiAgentApplication], contextInitializerClasses = [], activeProfiles = [], propertySourceDescriptors = [], propertySourceProperties = [&quot;org.springframework.boot.test.context.SpringBootTestContextBootstrapper=true&quot;], contextCustomizers = [org.springframework.boot.test.context.filter.ExcludeFilterContextCustomizer@3e78b6a5, org.springframework.boot.test.json.DuplicateJsonObjectContextCustomizerFactory$DuplicateJsonObjectContextCustomizer@24105dc5, org.springframework.boot.test.mock.mockito.MockitoContextCustomizer@0, org.springframework.boot.test.web.client.TestRestTemplateContextCustomizer@68878f6d, org.springframework.boot.test.web.reactive.server.WebTestClientContextCustomizer@78fa769e, org.springframework.boot.test.web.reactor.netty.DisableReactorResourceFactoryGlobalResourcesContextCustomizerFactory$DisableReactorResourceFactoryGlobalResourcesContextCustomizerCustomizer@7d61eb55, org.springframework.boot.test.autoconfigure.OnFailureConditionReportContextCustomizerFactory$OnFailureConditionReportContextCustomizer@4c2bb6e0, org.springframework.boot.test.autoconfigure.actuate.observability.ObservabilityContextCustomizerFactory$DisableObservabilityContextCustomizer@1f, org.springframework.boot.test.autoconfigure.properties.PropertyMappingContextCustomizer@0, org.springframework.boot.test.autoconfigure.web.servlet.WebDriverContextCustomizer@456d6c1e, org.springframework.test.context.support.DynamicPropertiesContextCustomizer@0, org.springframework.boot.test.context.SpringBootTestAnnotation@a8aaf14c], resourceBasePath = &quot;src/main/webapp&quot;, contextLoader = org.springframework.boot.test.context.SpringBootContextLoader, parent = null]" type="java.lang.IllegalStateException"><![CDATA[java.lang.IllegalStateException: ApplicationContext failure threshold (1) exceeded: skipping repeated attempt to load context for [WebMergedContextConfiguration@70884875 testClass = com.yupi.aiagent.YuAiAgentApplicationTests, locations = [], classes = [com.yupi.aiagent.AiAgentApplication], contextInitializerClasses = [], activeProfiles = [], propertySourceDescriptors = [], propertySourceProperties = ["org.springframework.boot.test.context.SpringBootTestContextBootstrapper=true"], contextCustomizers = [org.springframework.boot.test.context.filter.ExcludeFilterContextCustomizer@3e78b6a5, org.springframework.boot.test.json.DuplicateJsonObjectContextCustomizerFactory$DuplicateJsonObjectContextCustomizer@24105dc5, org.springframework.boot.test.mock.mockito.MockitoContextCustomizer@0, org.springframework.boot.test.web.client.TestRestTemplateContextCustomizer@68878f6d, org.springframework.boot.test.web.reactive.server.WebTestClientContextCustomizer@78fa769e, org.springframework.boot.test.web.reactor.netty.DisableReactorResourceFactoryGlobalResourcesContextCustomizerFactory$DisableReactorResourceFactoryGlobalResourcesContextCustomizerCustomizer@7d61eb55, org.springframework.boot.test.autoconfigure.OnFailureConditionReportContextCustomizerFactory$OnFailureConditionReportContextCustomizer@4c2bb6e0, org.springframework.boot.test.autoconfigure.actuate.observability.ObservabilityContextCustomizerFactory$DisableObservabilityContextCustomizer@1f, org.springframework.boot.test.autoconfigure.properties.PropertyMappingContextCustomizer@0, org.springframework.boot.test.autoconfigure.web.servlet.WebDriverContextCustomizer@456d6c1e, org.springframework.test.context.support.DynamicPropertiesContextCustomizer@0, org.springframework.boot.test.context.SpringBootTestAnnotation@a8aaf14c], resourceBasePath = "src/main/webapp", contextLoader = org.springframework.boot.test.context.SpringBootContextLoader, parent = null]
	at org.springframework.test.context.cache.DefaultCacheAwareContextLoaderDelegate.loadContext(DefaultCacheAwareContextLoaderDelegate.java:145)
	at org.springframework.test.context.support.DefaultTestContext.getApplicationContext(DefaultTestContext.java:130)
	at org.springframework.test.context.web.ServletTestExecutionListener.setUpRequestContextIfNecessary(ServletTestExecutionListener.java:200)
	at org.springframework.test.context.web.ServletTestExecutionListener.prepareTestInstance(ServletTestExecutionListener.java:139)
	at org.springframework.test.context.TestContextManager.prepareTestInstance(TestContextManager.java:260)
	at org.springframework.test.context.junit.jupiter.SpringExtension.postProcessTestInstance(SpringExtension.java:160)
	at java.base/java.util.stream.ForEachOps$ForEachOp$OfRef.accept(ForEachOps.java:184)
	at java.base/java.util.stream.ReferencePipeline$3$1.accept(ReferencePipeline.java:197)
	at java.base/java.util.stream.ReferencePipeline$2$1.accept(ReferencePipeline.java:179)
	at java.base/java.util.stream.ReferencePipeline$3$1.accept(ReferencePipeline.java:197)
	at java.base/java.util.ArrayList$ArrayListSpliterator.forEachRemaining(ArrayList.java:1708)
	at java.base/java.util.stream.AbstractPipeline.copyInto(AbstractPipeline.java:509)
	at java.base/java.util.stream.AbstractPipeline.wrapAndCopyInto(AbstractPipeline.java:499)
	at java.base/java.util.stream.ForEachOps$ForEachOp.evaluateSequential(ForEachOps.java:151)
	at java.base/java.util.stream.ForEachOps$ForEachOp$OfRef.evaluateSequential(ForEachOps.java:174)
	at java.base/java.util.stream.AbstractPipeline.evaluate(AbstractPipeline.java:234)
	at java.base/java.util.stream.ReferencePipeline.forEach(ReferencePipeline.java:596)
	at java.base/java.util.Optional.orElseGet(Optional.java:364)
	at java.base/java.util.ArrayList.forEach(ArrayList.java:1596)
	at java.base/java.util.ArrayList.forEach(ArrayList.java:1596)
]]></error>
    <system-out><![CDATA[2025-09-20T09:29:31.982+08:00  WARN 27552 --- [yu-ai-agent-test] [           main] o.s.test.context.TestContextManager      : Caught exception while allowing TestExecutionListener [org.springframework.test.context.web.ServletTestExecutionListener] to prepare test instance [com.yupi.aiagent.YuAiAgentApplicationTests@7019d619]

java.lang.IllegalStateException: ApplicationContext failure threshold (1) exceeded: skipping repeated attempt to load context for [WebMergedContextConfiguration@70884875 testClass = com.yupi.aiagent.YuAiAgentApplicationTests, locations = [], classes = [com.yupi.aiagent.AiAgentApplication], contextInitializerClasses = [], activeProfiles = [], propertySourceDescriptors = [], propertySourceProperties = ["org.springframework.boot.test.context.SpringBootTestContextBootstrapper=true"], contextCustomizers = [org.springframework.boot.test.context.filter.ExcludeFilterContextCustomizer@3e78b6a5, org.springframework.boot.test.json.DuplicateJsonObjectContextCustomizerFactory$DuplicateJsonObjectContextCustomizer@24105dc5, org.springframework.boot.test.mock.mockito.MockitoContextCustomizer@0, org.springframework.boot.test.web.client.TestRestTemplateContextCustomizer@68878f6d, org.springframework.boot.test.web.reactive.server.WebTestClientContextCustomizer@78fa769e, org.springframework.boot.test.web.reactor.netty.DisableReactorResourceFactoryGlobalResourcesContextCustomizerFactory$DisableReactorResourceFactoryGlobalResourcesContextCustomizerCustomizer@7d61eb55, org.springframework.boot.test.autoconfigure.OnFailureConditionReportContextCustomizerFactory$OnFailureConditionReportContextCustomizer@4c2bb6e0, org.springframework.boot.test.autoconfigure.actuate.observability.ObservabilityContextCustomizerFactory$DisableObservabilityContextCustomizer@1f, org.springframework.boot.test.autoconfigure.properties.PropertyMappingContextCustomizer@0, org.springframework.boot.test.autoconfigure.web.servlet.WebDriverContextCustomizer@456d6c1e, org.springframework.test.context.support.DynamicPropertiesContextCustomizer@0, org.springframework.boot.test.context.SpringBootTestAnnotation@a8aaf14c], resourceBasePath = "src/main/webapp", contextLoader = org.springframework.boot.test.context.SpringBootContextLoader, parent = null]
	at org.springframework.test.context.cache.DefaultCacheAwareContextLoaderDelegate.loadContext(DefaultCacheAwareContextLoaderDelegate.java:145) ~[spring-test-6.2.5.jar:6.2.5]
	at org.springframework.test.context.support.DefaultTestContext.getApplicationContext(DefaultTestContext.java:130) ~[spring-test-6.2.5.jar:6.2.5]
	at org.springframework.test.context.web.ServletTestExecutionListener.setUpRequestContextIfNecessary(ServletTestExecutionListener.java:200) ~[spring-test-6.2.5.jar:6.2.5]
	at org.springframework.test.context.web.ServletTestExecutionListener.prepareTestInstance(ServletTestExecutionListener.java:139) ~[spring-test-6.2.5.jar:6.2.5]
	at org.springframework.test.context.TestContextManager.prepareTestInstance(TestContextManager.java:260) ~[spring-test-6.2.5.jar:6.2.5]
	at org.springframework.test.context.junit.jupiter.SpringExtension.postProcessTestInstance(SpringExtension.java:160) ~[spring-test-6.2.5.jar:6.2.5]
	at org.junit.jupiter.engine.descriptor.ClassBasedTestDescriptor.lambda$invokeTestInstancePostProcessors$11(ClassBasedTestDescriptor.java:378) ~[junit-jupiter-engine-5.11.4.jar:5.11.4]
	at org.junit.jupiter.engine.descriptor.ClassBasedTestDescriptor.executeAndMaskThrowable(ClassBasedTestDescriptor.java:383) ~[junit-jupiter-engine-5.11.4.jar:5.11.4]
	at org.junit.jupiter.engine.descriptor.ClassBasedTestDescriptor.lambda$invokeTestInstancePostProcessors$12(ClassBasedTestDescriptor.java:378) ~[junit-jupiter-engine-5.11.4.jar:5.11.4]
	at java.base/java.util.stream.ForEachOps$ForEachOp$OfRef.accept(ForEachOps.java:184) ~[na:na]
	at java.base/java.util.stream.ReferencePipeline$3$1.accept(ReferencePipeline.java:197) ~[na:na]
	at java.base/java.util.stream.ReferencePipeline$2$1.accept(ReferencePipeline.java:179) ~[na:na]
	at java.base/java.util.stream.ReferencePipeline$3$1.accept(ReferencePipeline.java:197) ~[na:na]
	at java.base/java.util.ArrayList$ArrayListSpliterator.forEachRemaining(ArrayList.java:1708) ~[na:na]
	at java.base/java.util.stream.AbstractPipeline.copyInto(AbstractPipeline.java:509) ~[na:na]
	at java.base/java.util.stream.AbstractPipeline.wrapAndCopyInto(AbstractPipeline.java:499) ~[na:na]
	at java.base/java.util.stream.ForEachOps$ForEachOp.evaluateSequential(ForEachOps.java:151) ~[na:na]
	at java.base/java.util.stream.ForEachOps$ForEachOp$OfRef.evaluateSequential(ForEachOps.java:174) ~[na:na]
	at java.base/java.util.stream.AbstractPipeline.evaluate(AbstractPipeline.java:234) ~[na:na]
	at java.base/java.util.stream.ReferencePipeline.forEach(ReferencePipeline.java:596) ~[na:na]
	at org.junit.jupiter.engine.descriptor.ClassBasedTestDescriptor.invokeTestInstancePostProcessors(ClassBasedTestDescriptor.java:377) ~[junit-jupiter-engine-5.11.4.jar:5.11.4]
	at org.junit.jupiter.engine.descriptor.ClassBasedTestDescriptor.lambda$instantiateAndPostProcessTestInstance$7(ClassBasedTestDescriptor.java:290) ~[junit-jupiter-engine-5.11.4.jar:5.11.4]
	at org.junit.platform.engine.support.hierarchical.ThrowableCollector.execute(ThrowableCollector.java:73) ~[junit-platform-engine-1.11.4.jar:1.11.4]
	at org.junit.jupiter.engine.descriptor.ClassBasedTestDescriptor.instantiateAndPostProcessTestInstance(ClassBasedTestDescriptor.java:289) ~[junit-jupiter-engine-5.11.4.jar:5.11.4]
	at org.junit.jupiter.engine.descriptor.ClassBasedTestDescriptor.lambda$testInstancesProvider$5(ClassBasedTestDescriptor.java:279) ~[junit-jupiter-engine-5.11.4.jar:5.11.4]
	at java.base/java.util.Optional.orElseGet(Optional.java:364) ~[na:na]
	at org.junit.jupiter.engine.descriptor.ClassBasedTestDescriptor.lambda$testInstancesProvider$6(ClassBasedTestDescriptor.java:278) ~[junit-jupiter-engine-5.11.4.jar:5.11.4]
	at org.junit.jupiter.engine.execution.TestInstancesProvider.getTestInstances(TestInstancesProvider.java:31) ~[junit-jupiter-engine-5.11.4.jar:5.11.4]
	at org.junit.jupiter.engine.descriptor.TestMethodTestDescriptor.lambda$prepare$1(TestMethodTestDescriptor.java:105) ~[junit-jupiter-engine-5.11.4.jar:5.11.4]
	at org.junit.platform.engine.support.hierarchical.ThrowableCollector.execute(ThrowableCollector.java:73) ~[junit-platform-engine-1.11.4.jar:1.11.4]
	at org.junit.jupiter.engine.descriptor.TestMethodTestDescriptor.prepare(TestMethodTestDescriptor.java:104) ~[junit-jupiter-engine-5.11.4.jar:5.11.4]
	at org.junit.jupiter.engine.descriptor.TestMethodTestDescriptor.prepare(TestMethodTestDescriptor.java:68) ~[junit-jupiter-engine-5.11.4.jar:5.11.4]
	at org.junit.platform.engine.support.hierarchical.NodeTestTask.lambda$prepare$2(NodeTestTask.java:128) ~[junit-platform-engine-1.11.4.jar:1.11.4]
	at org.junit.platform.engine.support.hierarchical.ThrowableCollector.execute(ThrowableCollector.java:73) ~[junit-platform-engine-1.11.4.jar:1.11.4]
	at org.junit.platform.engine.support.hierarchical.NodeTestTask.prepare(NodeTestTask.java:128) ~[junit-platform-engine-1.11.4.jar:1.11.4]
	at org.junit.platform.engine.support.hierarchical.NodeTestTask.execute(NodeTestTask.java:95) ~[junit-platform-engine-1.11.4.jar:1.11.4]
	at java.base/java.util.ArrayList.forEach(ArrayList.java:1596) ~[na:na]
	at org.junit.platform.engine.support.hierarchical.SameThreadHierarchicalTestExecutorService.invokeAll(SameThreadHierarchicalTestExecutorService.java:41) ~[junit-platform-engine-1.11.4.jar:1.11.4]
	at org.junit.platform.engine.support.hierarchical.NodeTestTask.lambda$executeRecursively$6(NodeTestTask.java:160) ~[junit-platform-engine-1.11.4.jar:1.11.4]
	at org.junit.platform.engine.support.hierarchical.ThrowableCollector.execute(ThrowableCollector.java:73) ~[junit-platform-engine-1.11.4.jar:1.11.4]
	at org.junit.platform.engine.support.hierarchical.NodeTestTask.lambda$executeRecursively$8(NodeTestTask.java:146) ~[junit-platform-engine-1.11.4.jar:1.11.4]
	at org.junit.platform.engine.support.hierarchical.Node.around(Node.java:137) ~[junit-platform-engine-1.11.4.jar:1.11.4]
	at org.junit.platform.engine.support.hierarchical.NodeTestTask.lambda$executeRecursively$9(NodeTestTask.java:144) ~[junit-platform-engine-1.11.4.jar:1.11.4]
	at org.junit.platform.engine.support.hierarchical.ThrowableCollector.execute(ThrowableCollector.java:73) ~[junit-platform-engine-1.11.4.jar:1.11.4]
	at org.junit.platform.engine.support.hierarchical.NodeTestTask.executeRecursively(NodeTestTask.java:143) ~[junit-platform-engine-1.11.4.jar:1.11.4]
	at org.junit.platform.engine.support.hierarchical.NodeTestTask.execute(NodeTestTask.java:100) ~[junit-platform-engine-1.11.4.jar:1.11.4]
	at java.base/java.util.ArrayList.forEach(ArrayList.java:1596) ~[na:na]
	at org.junit.platform.engine.support.hierarchical.SameThreadHierarchicalTestExecutorService.invokeAll(SameThreadHierarchicalTestExecutorService.java:41) ~[junit-platform-engine-1.11.4.jar:1.11.4]
	at org.junit.platform.engine.support.hierarchical.NodeTestTask.lambda$executeRecursively$6(NodeTestTask.java:160) ~[junit-platform-engine-1.11.4.jar:1.11.4]
	at org.junit.platform.engine.support.hierarchical.ThrowableCollector.execute(ThrowableCollector.java:73) ~[junit-platform-engine-1.11.4.jar:1.11.4]
	at org.junit.platform.engine.support.hierarchical.NodeTestTask.lambda$executeRecursively$8(NodeTestTask.java:146) ~[junit-platform-engine-1.11.4.jar:1.11.4]
	at org.junit.platform.engine.support.hierarchical.Node.around(Node.java:137) ~[junit-platform-engine-1.11.4.jar:1.11.4]
	at org.junit.platform.engine.support.hierarchical.NodeTestTask.lambda$executeRecursively$9(NodeTestTask.java:144) ~[junit-platform-engine-1.11.4.jar:1.11.4]
	at org.junit.platform.engine.support.hierarchical.ThrowableCollector.execute(ThrowableCollector.java:73) ~[junit-platform-engine-1.11.4.jar:1.11.4]
	at org.junit.platform.engine.support.hierarchical.NodeTestTask.executeRecursively(NodeTestTask.java:143) ~[junit-platform-engine-1.11.4.jar:1.11.4]
	at org.junit.platform.engine.support.hierarchical.NodeTestTask.execute(NodeTestTask.java:100) ~[junit-platform-engine-1.11.4.jar:1.11.4]
	at org.junit.platform.engine.support.hierarchical.SameThreadHierarchicalTestExecutorService.submit(SameThreadHierarchicalTestExecutorService.java:35) ~[junit-platform-engine-1.11.4.jar:1.11.4]
	at org.junit.platform.engine.support.hierarchical.HierarchicalTestExecutor.execute(HierarchicalTestExecutor.java:57) ~[junit-platform-engine-1.11.4.jar:1.11.4]
	at org.junit.platform.engine.support.hierarchical.HierarchicalTestEngine.execute(HierarchicalTestEngine.java:54) ~[junit-platform-engine-1.11.4.jar:1.11.4]
	at org.junit.platform.launcher.core.EngineExecutionOrchestrator.execute(EngineExecutionOrchestrator.java:198) ~[junit-platform-launcher-1.11.4.jar:1.11.4]
	at org.junit.platform.launcher.core.EngineExecutionOrchestrator.execute(EngineExecutionOrchestrator.java:169) ~[junit-platform-launcher-1.11.4.jar:1.11.4]
	at org.junit.platform.launcher.core.EngineExecutionOrchestrator.execute(EngineExecutionOrchestrator.java:93) ~[junit-platform-launcher-1.11.4.jar:1.11.4]
	at org.junit.platform.launcher.core.EngineExecutionOrchestrator.lambda$execute$0(EngineExecutionOrchestrator.java:58) ~[junit-platform-launcher-1.11.4.jar:1.11.4]
	at org.junit.platform.launcher.core.EngineExecutionOrchestrator.withInterceptedStreams(EngineExecutionOrchestrator.java:141) ~[junit-platform-launcher-1.11.4.jar:1.11.4]
	at org.junit.platform.launcher.core.EngineExecutionOrchestrator.execute(EngineExecutionOrchestrator.java:57) ~[junit-platform-launcher-1.11.4.jar:1.11.4]
	at org.junit.platform.launcher.core.DefaultLauncher.execute(DefaultLauncher.java:103) ~[junit-platform-launcher-1.11.4.jar:1.11.4]
	at org.junit.platform.launcher.core.DefaultLauncher.execute(DefaultLauncher.java:85) ~[junit-platform-launcher-1.11.4.jar:1.11.4]
	at org.junit.platform.launcher.core.DelegatingLauncher.execute(DelegatingLauncher.java:47) ~[junit-platform-launcher-1.11.4.jar:1.11.4]
	at org.apache.maven.surefire.junitplatform.LazyLauncher.execute(LazyLauncher.java:56) ~[surefire-junit-platform-3.5.2.jar:3.5.2]
	at org.apache.maven.surefire.junitplatform.JUnitPlatformProvider.execute(JUnitPlatformProvider.java:184) ~[surefire-junit-platform-3.5.2.jar:3.5.2]
	at org.apache.maven.surefire.junitplatform.JUnitPlatformProvider.invokeAllTests(JUnitPlatformProvider.java:148) ~[surefire-junit-platform-3.5.2.jar:3.5.2]
	at org.apache.maven.surefire.junitplatform.JUnitPlatformProvider.invoke(JUnitPlatformProvider.java:122) ~[surefire-junit-platform-3.5.2.jar:3.5.2]
	at org.apache.maven.surefire.booter.ForkedBooter.runSuitesInProcess(ForkedBooter.java:385) ~[surefire-booter-3.5.2.jar:3.5.2]
	at org.apache.maven.surefire.booter.ForkedBooter.execute(ForkedBooter.java:162) ~[surefire-booter-3.5.2.jar:3.5.2]
	at org.apache.maven.surefire.booter.ForkedBooter.run(ForkedBooter.java:507) ~[surefire-booter-3.5.2.jar:3.5.2]
	at org.apache.maven.surefire.booter.ForkedBooter.main(ForkedBooter.java:495) ~[surefire-booter-3.5.2.jar:3.5.2]

]]></system-out>
  </testcase>
</testsuite>